<?xml version="1.0" encoding="UTF-8"?>
<!-- Generated by org.testng.reporters.JUnitXMLReporter -->
<testsuite hostname="ip-172-31-25-251" ignored="0" name="Test" tests="3" failures="1" timestamp="2022-07-09T17:03:06 UTC" time="9.316" errors="0">
  <testcase name="LaunchChrome" time="5.283" classname="com.demo.AssertDemo"/>
  <testcase name="Facebook" time="3.542" classname="com.demo.AssertDemo"/>
  <testcase name="Login" time="0.439" classname="com.demo.AssertDemo">
    <failure type="java.lang.AssertionError" message="The following asserts failed:
	expected [Facebook - log in or sign up] but found [FB Title]">
      <![CDATA[java.lang.AssertionError: The following asserts failed:
expected [Facebook - log in or sign up] but found [FB Title]
at com.demo.AssertDemo.Login(AssertDemo.java:50)
at java.util.ArrayList.forEach(ArrayList.java:1257)
... Removed 29 stack frames]]>
    </failure>
  </testcase> <!-- Login -->
</testsuite> <!-- Test -->
