<?xml version="1.0" encoding="UTF-8"?>
<testng-results skipped="0" failed="1" ignored="0" total="3" passed="2">
  <reporter-output>
  </reporter-output>
  <suite name="Suite" duration-ms="9316" started-at="2022-07-09T17:02:56 UTC" finished-at="2022-07-09T17:03:06 UTC">
    <groups>
    </groups>
    <test name="Test" duration-ms="9316" started-at="2022-07-09T17:02:56 UTC" finished-at="2022-07-09T17:03:06 UTC">
      <class name="com.demo.AssertDemo">
        <test-method status="PASS" signature="LaunchChrome()[pri:0, instance:com.demo.AssertDemo@5d20e46]" name="LaunchChrome" duration-ms="5283" started-at="2022-07-09T17:02:56 UTC" finished-at="2022-07-09T17:03:02 UTC">
          <reporter-output>
          </reporter-output>
        </test-method> <!-- LaunchChrome -->
        <test-method status="PASS" signature="Facebook()[pri:0, instance:com.demo.AssertDemo@5d20e46]" name="Facebook" duration-ms="3542" started-at="2022-07-09T17:03:02 UTC" depends-on-methods="com.demo.AssertDemo.LaunchChrome" finished-at="2022-07-09T17:03:05 UTC">
          <reporter-output>
          </reporter-output>
        </test-method> <!-- Facebook -->
        <test-method status="FAIL" signature="Login()[pri:0, instance:com.demo.AssertDemo@5d20e46]" name="Login" duration-ms="439" started-at="2022-07-09T17:03:05 UTC" depends-on-methods="com.demo.AssertDemo.Facebook" finished-at="2022-07-09T17:03:06 UTC">
          <exception class="java.lang.AssertionError">
            <message>
              <![CDATA[The following asserts failed:
expected [Facebook - log in or sign up] but found [FB Title]]]>
            </message>
            <full-stacktrace>
              <![CDATA[java.lang.AssertionError: The following asserts failed:
expected [Facebook - log in or sign up] but found [FB Title]
at org.testng.asserts.SoftAssert.assertAll(SoftAssert.java:47)
at org.testng.asserts.SoftAssert.assertAll(SoftAssert.java:31)
at com.demo.AssertDemo.Login(AssertDemo.java:50)
at sun.reflect.NativeMethodAccessorImpl.invoke0(Native Method)
at sun.reflect.NativeMethodAccessorImpl.invoke(NativeMethodAccessorImpl.java:62)
at sun.reflect.DelegatingMethodAccessorImpl.invoke(DelegatingMethodAccessorImpl.java:43)
at java.lang.reflect.Method.invoke(Method.java:498)
at org.testng.internal.MethodInvocationHelper.invokeMethod(MethodInvocationHelper.java:133)
at org.testng.internal.TestInvoker.invokeMethod(TestInvoker.java:598)
at org.testng.internal.TestInvoker.invokeTestMethod(TestInvoker.java:173)
at org.testng.internal.MethodRunner.runInSequence(MethodRunner.java:46)
at org.testng.internal.TestInvoker$MethodInvocationAgent.invoke(TestInvoker.java:824)
at org.testng.internal.TestInvoker.invokeTestMethods(TestInvoker.java:146)
at org.testng.internal.TestMethodWorker.invokeTestMethods(TestMethodWorker.java:146)
at org.testng.internal.TestMethodWorker.run(TestMethodWorker.java:128)
at java.util.ArrayList.forEach(ArrayList.java:1257)
at org.testng.TestRunner.privateRun(TestRunner.java:794)
at org.testng.TestRunner.run(TestRunner.java:596)
at org.testng.SuiteRunner.runTest(SuiteRunner.java:377)
at org.testng.SuiteRunner.runSequentially(SuiteRunner.java:371)
at org.testng.SuiteRunner.privateRun(SuiteRunner.java:332)
at org.testng.SuiteRunner.run(SuiteRunner.java:276)
at org.testng.SuiteRunnerWorker.runSuite(SuiteRunnerWorker.java:53)
at org.testng.SuiteRunnerWorker.run(SuiteRunnerWorker.java:96)
at org.testng.TestNG.runSuitesSequentially(TestNG.java:1212)
at org.testng.TestNG.runSuitesLocally(TestNG.java:1134)
at org.testng.TestNG.runSuites(TestNG.java:1063)
at org.testng.TestNG.run(TestNG.java:1031)
at org.testng.remote.AbstractRemoteTestNG.run(AbstractRemoteTestNG.java:115)
at org.testng.remote.RemoteTestNG.initAndRun(RemoteTestNG.java:251)
at org.testng.remote.RemoteTestNG.main(RemoteTestNG.java:77)
]]>
            </full-stacktrace>
          </exception> <!-- java.lang.AssertionError -->
          <reporter-output>
          </reporter-output>
        </test-method> <!-- Login -->
      </class> <!-- com.demo.AssertDemo -->
    </test> <!-- Test -->
  </suite> <!-- Suite -->
</testng-results>
